gnm	4	2421
pos	2422	2450
gnm	2451	2463
pos	2464	2466
gnm	2467	3429
neg	3430	3552
gnm	3553	7641
pos	7642	8025
gnm	8026	8052
pos	8053	8081
gnm	8082	8174
pos	8175	8175
gnm	8176	8176
pos	8177	8183
gnm	8184	8212
pos	8213	8513
gnm	8514	8514
pos	8515	8515
gnm	8516	8516
pos	8517	8541
gnm	8542	8554
pos	8555	8864
gnm	8865	8873
neg	8874	8916
gnm	8917	9146
neg	9147	9569
gnm	9570	10564
neg	10565	10567
gnm	10568	10570
neg	10571	10581
gnm	10582	10582
neg	10583	10583
gnm	10584	10584
neg	10585	10625
gnm	10626	10626
neg	10627	10639
gnm	10640	10640
neg	10641	10679
gnm	10680	10982
neg	10983	11139
gnm	11140	11384
neg	11385	11391
gnm	11392	14181
pos	14182	15341
gnm	15342	20374
pos	20375	20659
gnm	20660	21905
neg	21906	22092
gnm	22093	22139
neg	22140	22616
gnm	22617	24919
pos	24920	24922
gnm	24923	24923
pos	24924	24926
gnm	24927	24927
pos	24928	24928
gnm	24929	25113
pos	25114	25116
gnm	25117	25129
pos	25130	25140
gnm	25141	25385
pos	25386	25492
gnm	25493	25801
pos	25802	25840
gnm	25841	25849
pos	25850	25870
gnm	25871	25919
pos	25920	25922
gnm	25923	25923
pos	25924	26014
gnm	26015	26025
pos	26026	26032
gnm	26033	26033
pos	26034	26042
gnm	26043	26063
pos	26064	26068
gnm	26069	26069
pos	26070	26116
gnm	26117	26245
pos	26246	26603
gnm	26604	27652
neg	27653	27847
gnm	27848	30300
neg	30301	30415
gnm	30416	30520
neg	30521	30589
gnm	30590	30596
neg	30597	30597
gnm	30598	31323
pos	31324	31490
gnm	31491	32135
pos	32136	32136
gnm	32137	32141
pos	32142	32146
gnm	32147	32159
pos	32160	32168
gnm	32169	32171
pos	32172	32180
gnm	32181	32181
pos	32182	32182
gnm	32183	32183
pos	32184	32184
gnm	32185	32185
pos	32186	32186
gnm	32187	32187
pos	32188	32188
gnm	32189	32189
pos	32190	32190
gnm	32191	32201
pos	32202	32204
gnm	32205	32205
pos	32206	32206
gnm	32207	32209
pos	32210	32218
gnm	32219	32219
pos	32220	32232
gnm	32233	32247
pos	32248	32262
gnm	32263	32657
neg	32658	33704
gnm	33705	36272
pos	36273	36303
gnm	36304	36334
pos	36335	36433
gnm	36434	36932
pos	36933	36933
gnm	36934	37537
pos	37538	38418
gnm	38419	42463
pos	42464	43483
gnm	43484	44416
pos	44417	44471
gnm	44472	44590
pos	44591	44659
gnm	44660	48192
pos	48193	48325
gnm	48326	48360
pos	48361	48367
gnm	48368	48368
pos	48369	48369
gnm	48370	48374
pos	48375	48395
gnm	48396	48616
pos	48617	48941
gnm	48942	48990
pos	48991	49149
gnm	49150	49352
pos	49353	49435
gnm	49436	49442
pos	49443	49527
gnm	49528	49666
pos	49667	49867
gnm	49868	49878
pos	49879	49891
gnm	49892	49976
pos	49977	50043
gnm	50044	50076
pos	50077	50157
gnm	50158	55014
neg	55015	55083
gnm	55084	56828
neg	56829	56887
gnm	56888	57000
