gnm	5	365
pos	366	418
gnm	419	674
pos	675	740
gnm	741	1285
neg	1286	1409
gnm	1410	1596
pos	1597	1653
gnm	1654	1779
pos	1780	2138
gnm	2139	2265
pos	2266	2451
gnm	2452	2630
pos	2631	2715
gnm	2716	2809
neg	2810	2899
gnm	2900	2967
pos	2968	3126
gnm	3127	3406
pos	3407	3586
gnm	3587	4048
pos	4049	4241
gnm	4242	4675
neg	4676	4760
gnm	4761	5312
pos	5313	5467
gnm	5468	5534
neg	5535	5587
gnm	5588	6583
neg	6584	6669
gnm	6670	6766
neg	6767	7077
gnm	7078	7209
pos	7210	7348
gnm	7349	7489
neg	7490	7829
gnm	7830	7856
pos	7857	8808
gnm	8809	8874
neg	8875	9000
gnm	9001	9147
neg	9148	9472
gnm	9473	9816
neg	9817	10224
gnm	10225	10315
neg	10316	10514
gnm	10515	10557
pos	10558	10698
gnm	10699	10791
neg	10792	11348
gnm	11349	12264
neg	12265	12334
gnm	12335	12463
pos	12464	12563
gnm	12564	12878
pos	12879	13028
gnm	13029	13381
pos	13382	13755
gnm	13756	13868
pos	13869	14491
gnm	14492	14534
pos	14535	15352
gnm	15353	15400
neg	15401	15481
gnm	15482	15679
neg	15680	15801
gnm	15802	15904
neg	15905	16399
gnm	16400	16487
pos	16488	16597
gnm	16598	16825
pos	16826	16884
gnm	16885	17013
neg	17014	17098
gnm	17099	17479
pos	17480	17528
gnm	17529	17800
pos	17801	17847
gnm	17848	18183
pos	18184	18294
gnm	18295	18592
pos	18593	18754
gnm	18755	18859
neg	18860	19065
gnm	19066	19636
pos	19637	19765
gnm	19766	20000
pos	20001	20232
gnm	20233	20371
pos	20372	20661
gnm	20662	20762
neg	20763	21317
gnm	21318	21908
neg	21909	22075
gnm	22076	22150
pos	22151	22530
gnm	22531	22844
pos	22845	22934
gnm	22935	23822
pos	23823	23983
gnm	23984	24103
neg	24104	24193
gnm	24194	24282
pos	24283	24415
gnm	24416	24554
neg	24555	25298
gnm	25299	25378
pos	25379	25495
gnm	25496	25561
neg	25562	26046
gnm	26047	26187
pos	26188	26218
gnm	26219	26247
pos	26248	26590
gnm	26591	26991
pos	26992	27030
gnm	27031	27287
pos	27288	27522
gnm	27523	27648
neg	27649	28055
gnm	28056	28133
pos	28134	28183
gnm	28184	28385
neg	28386	28507
gnm	28508	28612
pos	28613	28672
gnm	28673	28864
pos	28865	28923
gnm	28924	29177
neg	29178	29273
gnm	29274	29362
neg	29363	29466
gnm	29467	29602
pos	29603	29676
gnm	29677	29801
neg	29802	29911
gnm	29912	30287
neg	30288	30590
gnm	30591	30988
pos	30989	31011
gnm	31012	31074
neg	31075	31588
gnm	31589	31750
pos	31751	32016
gnm	32017	32208
pos	32209	32263
gnm	32264	32543
neg	32544	33715
gnm	33716	34087
pos	34088	34196
gnm	34197	34890
pos	34891	34979
gnm	34980	35204
pos	35205	35405
gnm	35406	35716
pos	35717	35845
gnm	35846	35950
pos	35951	36575
gnm	36576	36768
pos	36769	37084
gnm	37085	37106
pos	37107	37256
gnm	37257	37549
pos	37550	37750
gnm	37751	37870
neg	37871	38344
gnm	38345	38473
neg	38474	38773
gnm	38774	39112
pos	39113	39206
gnm	39207	39547
pos	39548	39704
gnm	39705	39777
neg	39778	39908
gnm	39909	40274
neg	40275	40478
gnm	40479	40766
neg	40767	40900
gnm	40901	41177
neg	41178	41336
gnm	41337	41820
pos	41821	41968
gnm	41969	42165
pos	42166	43192
gnm	43193	43291
pos	43292	43485
gnm	43486	43552
neg	43553	43707
gnm	43708	44399
pos	44400	44474
gnm	44475	44592
pos	44593	44665
gnm	44666	44798
neg	44799	45391
gnm	45392	46668
pos	46669	46765
gnm	46766	46918
pos	46919	47020
gnm	47021	47111
pos	47112	47254
gnm	47255	47340
neg	47341	47456
gnm	47457	47552
neg	47553	47794
gnm	47795	48168
pos	48169	48448
gnm	48449	48523
pos	48524	49224
gnm	49225	49355
pos	49356	49593
gnm	49594	49668
pos	49669	50160
gnm	50161	50477
pos	50478	50564
gnm	50565	50742
neg	50743	50830
gnm	50831	50937
pos	50938	51310
gnm	51311	51970
neg	51971	52053
gnm	52054	52167
neg	52168	52284
gnm	52285	52383
pos	52384	52479
gnm	52480	52805
pos	52806	52922
gnm	52923	53093
pos	53094	53209
gnm	53210	53547
pos	53548	53688
gnm	53689	53880
pos	53881	54126
gnm	54127	54284
pos	54285	54351
gnm	54352	54480
neg	54481	54562
gnm	54563	54661
pos	54662	54863
gnm	54864	55003
neg	55004	55186
gnm	55187	55482
pos	55483	55536
gnm	55537	55638
neg	55639	55888
gnm	55889	55973
neg	55974	56285
gnm	56286	56338
neg	56339	56888
gnm	56889	57000
